#0 building with "default" instance using docker driver

#1 [internal] load build definition from Dockerfile
#1 transferring dockerfile: 1.19kB done
#1 DONE 0.0s

#2 [auth] library/ubuntu:pull token for registry-1.docker.io
#2 DONE 0.0s

#3 [internal] load metadata for docker.io/library/ubuntu:20.04
#3 DONE 0.6s

#4 [internal] load .dockerignore
#4 transferring context: 2B done
#4 DONE 0.0s

#5 [ 1/15] FROM docker.io/library/ubuntu:20.04@sha256:8feb4d8ca5354def3d8fce243717141ce31e2c428701f6682bd2fafe15388214
#5 DONE 0.0s

#6 [internal] load build context
#6 transferring context: 2.42kB done
#6 DONE 0.0s

#7 [ 6/15] RUN python3 -m pip install --upgrade pip
#7 CACHED

#8 [ 7/15] RUN pip3 install --no-cache-dir     jupyter==1.0.0     tornado==6.1     jupyter-client==7.3.2     transformers     requests     beautifulsoup4     pandas     streamlit     tensorflow     ipython     jupyter-contrib-core     jupyter-contrib-nbextensions     psycopg2-binary     yapf
#8 CACHED

#9 [ 4/15] RUN apt install -y --no-install-recommends     sudo     curl     systemctl     gnupg     git     vim
#9 CACHED

#10 [ 5/15] RUN apt install -y --no-install-recommends     python3     python3-pip     python3-dev
#10 CACHED

#11 [ 2/15] RUN apt-get -y update
#11 CACHED

#12 [ 3/15] RUN apt-get -y upgrade
#12 CACHED

#13 [ 8/15] RUN mkdir /install
#13 CACHED

#14 [ 9/15] ADD install_jupyter_extensions.sh /install
#14 CACHED

#15 [10/15] RUN /install/install_jupyter_extensions.sh
#15 0.290 /bin/sh: 1: /install/install_jupyter_extensions.sh: Permission denied
#15 ERROR: process "/bin/sh -c /install/install_jupyter_extensions.sh" did not complete successfully: exit code: 126
------
 > [10/15] RUN /install/install_jupyter_extensions.sh:
0.290 /bin/sh: 1: /install/install_jupyter_extensions.sh: Permission denied
------
Dockerfile:47
--------------------
  45 |     # Install Jupyter extensions
  46 |     ADD install_jupyter_extensions.sh /install
  47 | >>> RUN /install/install_jupyter_extensions.sh
  48 |     
  49 |     # Config files
--------------------
ERROR: failed to solve: process "/bin/sh -c /install/install_jupyter_extensions.sh" did not complete successfully: exit code: 126
