#0 building with "default" instance using docker driver

#1 [internal] load build definition from Dockerfile
#1 transferring dockerfile: 1.29kB done
#1 DONE 0.0s

#2 [internal] load metadata for docker.io/library/ubuntu:20.04
#2 ...

#3 [auth] library/ubuntu:pull token for registry-1.docker.io
#3 DONE 0.0s

#2 [internal] load metadata for docker.io/library/ubuntu:20.04
#2 DONE 0.5s

#4 [internal] load .dockerignore
#4 transferring context: 2B done
#4 DONE 0.0s

#5 [ 1/15] FROM docker.io/library/ubuntu:20.04@sha256:8feb4d8ca5354def3d8fce243717141ce31e2c428701f6682bd2fafe15388214
#5 DONE 0.0s

#6 [internal] load build context
#6 transferring context: 2.42kB done
#6 DONE 0.0s

#7 [14/15] ADD version.sh /install/
#7 CACHED

#8 [ 3/15] RUN apt-get -y upgrade
#8 CACHED

#9 [ 6/15] RUN python3 -m pip install --upgrade pip
#9 CACHED

#10 [ 7/15] RUN pip3 install     ipython     tornado==6.1     jupyter-client==7.3.2     jupyter-contrib-core     jupyter-contrib-nbextensions     psycopg2-binary     yapf
#10 CACHED

#11 [ 5/15] RUN apt install -y --no-install-recommends     python3     python3-pip     python3-dev
#11 CACHED

#12 [13/15] COPY bashrc /root/.bashrc
#12 CACHED

#13 [ 2/15] RUN apt-get -y update
#13 CACHED

#14 [12/15] COPY etc_sudoers /etc/sudoers
#14 CACHED

#15 [ 8/15] RUN mkdir /install
#15 CACHED

#16 [10/15] RUN /install/install_jupyter_extensions.sh
#16 CACHED

#17 [ 9/15] ADD install_jupyter_extensions.sh /install
#17 CACHED

#18 [ 4/15] RUN apt install -y --no-install-recommends     sudo     curl     systemctl     gnupg     git     vim
#18 CACHED

#19 [11/15] ADD etc_sudoers /install/
#19 CACHED

#20 [15/15] RUN /install/version.sh 2>&1 | tee version.log
#20 CACHED

#21 exporting to image
#21 exporting layers done
#21 writing image sha256:fd4aa5d79a9f66bde89ad04e7ac51d72c5cef5441aadf8dde28ef14086356b44 done
#21 naming to docker.io/umd_data605/umd_data605_template done
#21 DONE 0.0s
